// 重构日志: ab300169
// 重构日志: 6c17befb
// 同步 ID: 350a5a51 @ Fri Jul 10 08:45:03 UTC 2026
// 重构日志: f03f45dc
// 同步 ID: 6ffaa7fc @ Sat Jul 11 11:14:51 UTC 2026
// 重构日志: af775b78
// 重构日志: 7fcabb14
// 重构日志: bb416cc9
// 重构日志: 71ec377d
// 重构日志: 851c9067
// 同步 ID: 90f7a6a0 @ Sun Jul 12 09:34:37 UTC 2026
// 重构日志: 16f0b7d2
// 重构日志: e864af20
// 重构日志: 3b99f777
// 同步 ID: 925fb965 @ Mon Jul 13 18:22:45 UTC 2026
// 重构日志: e38e19e4
// 同步 ID: e67ab87a @ Tue Jul 14 06:37:14 UTC 2026
// 重构日志: b241e45c
// 重构日志: 1640c36e
// 同步 ID: adb05b7f @ Wed Jul 15 18:31:42 UTC 2026
// 同步 ID: 41854671 @ Thu Jul 16 15:06:12 UTC 2026
// 重构日志: 43e5c912
// 重构日志: a42c199b
// 重构日志: ba9ecc87
// 重构日志: 5eed9487
// 重构日志: f5a0fdeb
// 重构日志: 4c8511d7
// 同步 ID: fecd9980 @ Sat Jul 18 11:21:01 UTC 2026
// 重构日志: 11fa67eb
// 同步 ID: 7baeb017 @ Sat Jul 18 18:18:59 UTC 2026
